09/09/2024 11:25:00,97 - Iniciando backup 
C:\CONTROLE_FINANCEIRO\merge_fin_local_cloud.bat -> G:\Meu Drive\DOCUMENTOS\CONTROLE_FINANCEIRO\merge_fin_local_cloud.bat
C:\CONTROLE_FINANCEIRO\backup_fin\log_merge\merge_fin_local_cloud_-2024-09.log -> G:\Meu Drive\DOCUMENTOS\CONTROLE_FINANCEIRO\backup_fin\log_merge\merge_fin_local_cloud_-2024-09.log
2 arquivo(s) copiado(s)
09/09/2024 11:25:03,03 - Backup concluído 
09/09/2024 11:59:09,33 - Iniciando backup 
C:\CONTROLE_FINANCEIRO\merge_fin_local_cloud.bat -> G:\Meu Drive\DOCUMENTOS\CONTROLE_FINANCEIRO\merge_fin_local_cloud.bat
C:\CONTROLE_FINANCEIRO\AnexoTechnology\2024\2024_FINANCEIRO_Anexo-FluxoDRE.xlsm -> G:\Meu Drive\DOCUMENTOS\CONTROLE_FINANCEIRO\AnexoTechnology\2024\2024_FINANCEIRO_Anexo-FluxoDRE.xlsm
C:\CONTROLE_FINANCEIRO\backup_fin\log_merge\merge_fin_local_cloud_-2024-09.log -> G:\Meu Drive\DOCUMENTOS\CONTROLE_FINANCEIRO\backup_fin\log_merge\merge_fin_local_cloud_-2024-09.log
C:\CONTROLE_FINANCEIRO\DriverNerd\2024\2024_FINANCEIRO_DriverNerd-FluxoDRE.xlsm -> G:\Meu Drive\DOCUMENTOS\CONTROLE_FINANCEIRO\DriverNerd\2024\2024_FINANCEIRO_DriverNerd-FluxoDRE.xlsm
4 arquivo(s) copiado(s)
09/09/2024 11:59:10,48 - Backup concluído 
09/09/2024 12:07:27,64 - Iniciando backup 
C:\CONTROLE_FINANCEIRO\merge_fin_local_cloud.bat -> G:\Meu Drive\DOCUMENTOS\CONTROLE_FINANCEIRO\merge_fin_local_cloud.bat
C:\CONTROLE_FINANCEIRO\AnexoTechnology\2024\2024_FINANCEIRO_Anexo-FluxoDRE.xlsm -> G:\Meu Drive\DOCUMENTOS\CONTROLE_FINANCEIRO\AnexoTechnology\2024\2024_FINANCEIRO_Anexo-FluxoDRE.xlsm
C:\CONTROLE_FINANCEIRO\backup_fin\log_merge\merge_fin_local_cloud_-2024-09.log -> G:\Meu Drive\DOCUMENTOS\CONTROLE_FINANCEIRO\backup_fin\log_merge\merge_fin_local_cloud_-2024-09.log
C:\CONTROLE_FINANCEIRO\DriverNerd\2024\2024_FINANCEIRO_DriverNerd-FluxoDRE.xlsm -> G:\Meu Drive\DOCUMENTOS\CONTROLE_FINANCEIRO\DriverNerd\2024\2024_FINANCEIRO_DriverNerd-FluxoDRE.xlsm
C:\CONTROLE_FINANCEIRO\DriverNerd\2024\~$2024_FINANCEIRO_DriverNerd-FluxoDRE.xlsm -> G:\Meu Drive\DOCUMENTOS\CONTROLE_FINANCEIRO\DriverNerd\2024\~$2024_FINANCEIRO_DriverNerd-FluxoDRE.xlsm
5 arquivo(s) copiado(s)
09/09/2024 12:07:28,82 - Backup concluído 
09/09/2024 12:07:32,04 - Iniciando backup 
C:\CONTROLE_FINANCEIRO\merge_fin_local_cloud.bat -> G:\Meu Drive\DOCUMENTOS\CONTROLE_FINANCEIRO\merge_fin_local_cloud.bat
C:\CONTROLE_FINANCEIRO\AnexoTechnology\2024\2024_FINANCEIRO_Anexo-FluxoDRE.xlsm -> G:\Meu Drive\DOCUMENTOS\CONTROLE_FINANCEIRO\AnexoTechnology\2024\2024_FINANCEIRO_Anexo-FluxoDRE.xlsm
C:\CONTROLE_FINANCEIRO\backup_fin\log_merge\merge_fin_local_cloud_-2024-09.log -> G:\Meu Drive\DOCUMENTOS\CONTROLE_FINANCEIRO\backup_fin\log_merge\merge_fin_local_cloud_-2024-09.log
C:\CONTROLE_FINANCEIRO\DriverNerd\2024\2024_FINANCEIRO_DriverNerd-FluxoDRE.xlsm -> G:\Meu Drive\DOCUMENTOS\CONTROLE_FINANCEIRO\DriverNerd\2024\2024_FINANCEIRO_DriverNerd-FluxoDRE.xlsm
C:\CONTROLE_FINANCEIRO\DriverNerd\2024\~$2024_FINANCEIRO_DriverNerd-FluxoDRE.xlsm -> G:\Meu Drive\DOCUMENTOS\CONTROLE_FINANCEIRO\DriverNerd\2024\~$2024_FINANCEIRO_DriverNerd-FluxoDRE.xlsm
5 arquivo(s) copiado(s)
09/09/2024 12:07:33,27 - Backup concluído 
09/09/2024 19:45:03,59 - Iniciando backup 
C:\CONTROLE_FINANCEIRO\merge_fin_local_cloud.bat -> G:\Meu Drive\DOCUMENTOS\CONTROLE_FINANCEIRO\merge_fin_local_cloud.bat
C:\CONTROLE_FINANCEIRO\AnexoTechnology\2024\2024_FINANCEIRO_Anexo-FluxoDRE.xlsm -> G:\Meu Drive\DOCUMENTOS\CONTROLE_FINANCEIRO\AnexoTechnology\2024\2024_FINANCEIRO_Anexo-FluxoDRE.xlsm
C:\CONTROLE_FINANCEIRO\AnexoTechnology\2024\_ContasComprovantes\Contas a Pagar\09-Setembro\Func_Henry_FSBR_Setembro-Pago.jpg -> G:\Meu Drive\DOCUMENTOS\CONTROLE_FINANCEIRO\AnexoTechnology\2024\_ContasComprovantes\Contas a Pagar\09-Setembro\Func_Henry_FSBR_Setembro-Pago.jpg
C:\CONTROLE_FINANCEIRO\AnexoTechnology\2024\_ContasComprovantes\Contas a Pagar\09-Setembro\Func_Wendril_HNT_Setembro-Pago.jpg -> G:\Meu Drive\DOCUMENTOS\CONTROLE_FINANCEIRO\AnexoTechnology\2024\_ContasComprovantes\Contas a Pagar\09-Setembro\Func_Wendril_HNT_Setembro-Pago.jpg
C:\CONTROLE_FINANCEIRO\backup_fin\log_merge\merge_fin_local_cloud_-2024-09.log -> G:\Meu Drive\DOCUMENTOS\CONTROLE_FINANCEIRO\backup_fin\log_merge\merge_fin_local_cloud_-2024-09.log
C:\CONTROLE_FINANCEIRO\DriverNerd\2024\2024_FINANCEIRO_DriverNerd-FluxoDRE.xlsm -> G:\Meu Drive\DOCUMENTOS\CONTROLE_FINANCEIRO\DriverNerd\2024\2024_FINANCEIRO_DriverNerd-FluxoDRE.xlsm
C:\CONTROLE_FINANCEIRO\EmersonRocha\CONTROLE_FINANCEIRO_EMERSON.xlsx -> G:\Meu Drive\DOCUMENTOS\CONTROLE_FINANCEIRO\EmersonRocha\CONTROLE_FINANCEIRO_EMERSON.xlsx
7 arquivo(s) copiado(s)
09/09/2024 19:45:05,10 - Backup concluído 
11/09/2024  1:28:39,57 - Iniciando backup 
C:\CONTROLE_FINANCEIRO\merge_fin_local_cloud.bat -> G:\Meu Drive\DOCUMENTOS\CONTROLE_FINANCEIRO\merge_fin_local_cloud.bat
C:\CONTROLE_FINANCEIRO\AnexoTechnology\2024\2024_FINANCEIRO_Anexo-FluxoDRE.xlsm -> G:\Meu Drive\DOCUMENTOS\CONTROLE_FINANCEIRO\AnexoTechnology\2024\2024_FINANCEIRO_Anexo-FluxoDRE.xlsm
C:\CONTROLE_FINANCEIRO\AnexoTechnology\2024\_ContasComprovantes\Contas a Pagar\09-Setembro\Func.Joao Victor_HNT_Setembro-Pago.jpg -> G:\Meu Drive\DOCUMENTOS\CONTROLE_FINANCEIRO\AnexoTechnology\2024\_ContasComprovantes\Contas a Pagar\09-Setembro\Func.Joao Victor_HNT_Setembro-Pago.jpg
C:\CONTROLE_FINANCEIRO\AnexoTechnology\2024\_ContasComprovantes\Contas a Pagar\09-Setembro\Func.Wendril_MKT Trade_Setembro-Pago.jpg -> G:\Meu Drive\DOCUMENTOS\CONTROLE_FINANCEIRO\AnexoTechnology\2024\_ContasComprovantes\Contas a Pagar\09-Setembro\Func.Wendril_MKT Trade_Setembro-Pago.jpg
C:\CONTROLE_FINANCEIRO\AnexoTechnology\2024\_ContasComprovantes\Contas a Pagar\09-Setembro\Func_Henry_FSBR_Setembro-Pago.jpg -> G:\Meu Drive\DOCUMENTOS\CONTROLE_FINANCEIRO\AnexoTechnology\2024\_ContasComprovantes\Contas a Pagar\09-Setembro\Func_Henry_FSBR_Setembro-Pago.jpg
C:\CONTROLE_FINANCEIRO\AnexoTechnology\2024\_ContasComprovantes\Contas a Pagar\09-Setembro\Func_Henry_Taking_Setembro-Pago.jpg -> G:\Meu Drive\DOCUMENTOS\CONTROLE_FINANCEIRO\AnexoTechnology\2024\_ContasComprovantes\Contas a Pagar\09-Setembro\Func_Henry_Taking_Setembro-Pago.jpg
C:\CONTROLE_FINANCEIRO\AnexoTechnology\2024\_ContasComprovantes\Contas a Pagar\09-Setembro\Func_JosiasDelmiro_HNT Part1_Setembro-Pago.jpg -> G:\Meu Drive\DOCUMENTOS\CONTROLE_FINANCEIRO\AnexoTechnology\2024\_ContasComprovantes\Contas a Pagar\09-Setembro\Func_JosiasDelmiro_HNT Part1_Setembro-Pago.jpg
C:\CONTROLE_FINANCEIRO\AnexoTechnology\2024\_ContasComprovantes\Contas a Pagar\09-Setembro\Func_Mylena_HNT_Setembro-Pago.jpg -> G:\Meu Drive\DOCUMENTOS\CONTROLE_FINANCEIRO\AnexoTechnology\2024\_ContasComprovantes\Contas a Pagar\09-Setembro\Func_Mylena_HNT_Setembro-Pago.jpg
C:\CONTROLE_FINANCEIRO\AnexoTechnology\2024\_ContasComprovantes\Contas a Pagar\09-Setembro\Func_VictorBezerra_MKT Trade_Setembro-Pago.jpg -> G:\Meu Drive\DOCUMENTOS\CONTROLE_FINANCEIRO\AnexoTechnology\2024\_ContasComprovantes\Contas a Pagar\09-Setembro\Func_VictorBezerra_MKT Trade_Setembro-Pago.jpg
C:\CONTROLE_FINANCEIRO\AnexoTechnology\2024\_ContasComprovantes\Contas a Pagar\09-Setembro\Func_Wendril_HNT_Setembro-Pago.jpg -> G:\Meu Drive\DOCUMENTOS\CONTROLE_FINANCEIRO\AnexoTechnology\2024\_ContasComprovantes\Contas a Pagar\09-Setembro\Func_Wendril_HNT_Setembro-Pago.jpg
C:\CONTROLE_FINANCEIRO\backup_fin\log_merge\merge_fin_local_cloud_-2024-09.log -> G:\Meu Drive\DOCUMENTOS\CONTROLE_FINANCEIRO\backup_fin\log_merge\merge_fin_local_cloud_-2024-09.log
C:\CONTROLE_FINANCEIRO\DriverNerd\2024\2024_FINANCEIRO_DriverNerd-FluxoDRE.xlsm -> G:\Meu Drive\DOCUMENTOS\CONTROLE_FINANCEIRO\DriverNerd\2024\2024_FINANCEIRO_DriverNerd-FluxoDRE.xlsm
C:\CONTROLE_FINANCEIRO\DriverNerd\2024\~$2024_FINANCEIRO_DriverNerd-FluxoDRE.xlsm -> G:\Meu Drive\DOCUMENTOS\CONTROLE_FINANCEIRO\DriverNerd\2024\~$2024_FINANCEIRO_DriverNerd-FluxoDRE.xlsm
C:\CONTROLE_FINANCEIRO\EmersonRocha\_ Contas Comprovantes\2024\Contas a PAGAR\09-Setembro\AP Brisas_Aluguel_Setembro-Pago.jpg -> G:\Meu Drive\DOCUMENTOS\CONTROLE_FINANCEIRO\EmersonRocha\_ Contas Comprovantes\2024\Contas a PAGAR\09-Setembro\AP Brisas_Aluguel_Setembro-Pago.jpg
C:\CONTROLE_FINANCEIRO\EmersonRocha\_ Contas Comprovantes\2024\Contas a PAGAR\09-Setembro\Mae_Ajuda_Setembro_650-Pago.jpg -> G:\Meu Drive\DOCUMENTOS\CONTROLE_FINANCEIRO\EmersonRocha\_ Contas Comprovantes\2024\Contas a PAGAR\09-Setembro\Mae_Ajuda_Setembro_650-Pago.jpg
C:\CONTROLE_FINANCEIRO\EmersonRocha\_ Contas Comprovantes\2024\Contas a PAGAR\09-Setembro\Pensao_AnaGiulia_Setembro-Pago.jpg -> G:\Meu Drive\DOCUMENTOS\CONTROLE_FINANCEIRO\EmersonRocha\_ Contas Comprovantes\2024\Contas a PAGAR\09-Setembro\Pensao_AnaGiulia_Setembro-Pago.jpg
C:\CONTROLE_FINANCEIRO\EmersonRocha\_ Contas Comprovantes\2024\Contas a PAGAR\09-Setembro\Pensao_Kalel_50_Setembro-Pago.jpg -> G:\Meu Drive\DOCUMENTOS\CONTROLE_FINANCEIRO\EmersonRocha\_ Contas Comprovantes\2024\Contas a PAGAR\09-Setembro\Pensao_Kalel_50_Setembro-Pago.jpg
C:\CONTROLE_FINANCEIRO\EmersonRocha\_ Contas Comprovantes\2024\Contas a PAGAR\09-Setembro\Pensao_Kalel_Part1_Setembro-Pago.jpg -> G:\Meu Drive\DOCUMENTOS\CONTROLE_FINANCEIRO\EmersonRocha\_ Contas Comprovantes\2024\Contas a PAGAR\09-Setembro\Pensao_Kalel_Part1_Setembro-Pago.jpg
C:\CONTROLE_FINANCEIRO\EmersonRocha\_ Contas Comprovantes\2024\Contas a PAGAR\09-Setembro\Pensao_Thomas_Setembro-Pago.jpg -> G:\Meu Drive\DOCUMENTOS\CONTROLE_FINANCEIRO\EmersonRocha\_ Contas Comprovantes\2024\Contas a PAGAR\09-Setembro\Pensao_Thomas_Setembro-Pago.jpg
C:\CONTROLE_FINANCEIRO\EmersonRocha\_ Contas Comprovantes\2024\Contas a PAGAR\09-Setembro\Tatiana_AcordoParcela13_Setembro-Pago.jpg -> G:\Meu Drive\DOCUMENTOS\CONTROLE_FINANCEIRO\EmersonRocha\_ Contas Comprovantes\2024\Contas a PAGAR\09-Setembro\Tatiana_AcordoParcela13_Setembro-Pago.jpg
C:\CONTROLE_FINANCEIRO\TargetTouch\2024\2024_FINANCEIRO_TargetTouch-FluxoDRE.xlsm -> G:\Meu Drive\DOCUMENTOS\CONTROLE_FINANCEIRO\TargetTouch\2024\2024_FINANCEIRO_TargetTouch-FluxoDRE.xlsm
21 arquivo(s) copiado(s)
11/09/2024  1:28:41,10 - Backup concluído 
11/09/2024  1:28:49,07 - Iniciando backup 
C:\CONTROLE_FINANCEIRO\merge_fin_local_cloud.bat -> G:\Meu Drive\DOCUMENTOS\CONTROLE_FINANCEIRO\merge_fin_local_cloud.bat
C:\CONTROLE_FINANCEIRO\AnexoTechnology\2024\2024_FINANCEIRO_Anexo-FluxoDRE.xlsm -> G:\Meu Drive\DOCUMENTOS\CONTROLE_FINANCEIRO\AnexoTechnology\2024\2024_FINANCEIRO_Anexo-FluxoDRE.xlsm
C:\CONTROLE_FINANCEIRO\AnexoTechnology\2024\_ContasComprovantes\Contas a Pagar\09-Setembro\Func.Joao Victor_HNT_Setembro-Pago.jpg -> G:\Meu Drive\DOCUMENTOS\CONTROLE_FINANCEIRO\AnexoTechnology\2024\_ContasComprovantes\Contas a Pagar\09-Setembro\Func.Joao Victor_HNT_Setembro-Pago.jpg
C:\CONTROLE_FINANCEIRO\AnexoTechnology\2024\_ContasComprovantes\Contas a Pagar\09-Setembro\Func.Wendril_MKT Trade_Setembro-Pago.jpg -> G:\Meu Drive\DOCUMENTOS\CONTROLE_FINANCEIRO\AnexoTechnology\2024\_ContasComprovantes\Contas a Pagar\09-Setembro\Func.Wendril_MKT Trade_Setembro-Pago.jpg
C:\CONTROLE_FINANCEIRO\AnexoTechnology\2024\_ContasComprovantes\Contas a Pagar\09-Setembro\Func_Henry_FSBR_Setembro-Pago.jpg -> G:\Meu Drive\DOCUMENTOS\CONTROLE_FINANCEIRO\AnexoTechnology\2024\_ContasComprovantes\Contas a Pagar\09-Setembro\Func_Henry_FSBR_Setembro-Pago.jpg
C:\CONTROLE_FINANCEIRO\AnexoTechnology\2024\_ContasComprovantes\Contas a Pagar\09-Setembro\Func_Henry_Taking_Setembro-Pago.jpg -> G:\Meu Drive\DOCUMENTOS\CONTROLE_FINANCEIRO\AnexoTechnology\2024\_ContasComprovantes\Contas a Pagar\09-Setembro\Func_Henry_Taking_Setembro-Pago.jpg
C:\CONTROLE_FINANCEIRO\AnexoTechnology\2024\_ContasComprovantes\Contas a Pagar\09-Setembro\Func_JosiasDelmiro_HNT Part1_Setembro-Pago.jpg -> G:\Meu Drive\DOCUMENTOS\CONTROLE_FINANCEIRO\AnexoTechnology\2024\_ContasComprovantes\Contas a Pagar\09-Setembro\Func_JosiasDelmiro_HNT Part1_Setembro-Pago.jpg
C:\CONTROLE_FINANCEIRO\AnexoTechnology\2024\_ContasComprovantes\Contas a Pagar\09-Setembro\Func_Mylena_HNT_Setembro-Pago.jpg -> G:\Meu Drive\DOCUMENTOS\CONTROLE_FINANCEIRO\AnexoTechnology\2024\_ContasComprovantes\Contas a Pagar\09-Setembro\Func_Mylena_HNT_Setembro-Pago.jpg
C:\CONTROLE_FINANCEIRO\AnexoTechnology\2024\_ContasComprovantes\Contas a Pagar\09-Setembro\Func_VictorBezerra_MKT Trade_Setembro-Pago.jpg -> G:\Meu Drive\DOCUMENTOS\CONTROLE_FINANCEIRO\AnexoTechnology\2024\_ContasComprovantes\Contas a Pagar\09-Setembro\Func_VictorBezerra_MKT Trade_Setembro-Pago.jpg
C:\CONTROLE_FINANCEIRO\AnexoTechnology\2024\_ContasComprovantes\Contas a Pagar\09-Setembro\Func_Wendril_HNT_Setembro-Pago.jpg -> G:\Meu Drive\DOCUMENTOS\CONTROLE_FINANCEIRO\AnexoTechnology\2024\_ContasComprovantes\Contas a Pagar\09-Setembro\Func_Wendril_HNT_Setembro-Pago.jpg
C:\CONTROLE_FINANCEIRO\backup_fin\log_merge\merge_fin_local_cloud_-2024-09.log -> G:\Meu Drive\DOCUMENTOS\CONTROLE_FINANCEIRO\backup_fin\log_merge\merge_fin_local_cloud_-2024-09.log
C:\CONTROLE_FINANCEIRO\DriverNerd\2024\2024_FINANCEIRO_DriverNerd-FluxoDRE.xlsm -> G:\Meu Drive\DOCUMENTOS\CONTROLE_FINANCEIRO\DriverNerd\2024\2024_FINANCEIRO_DriverNerd-FluxoDRE.xlsm
C:\CONTROLE_FINANCEIRO\EmersonRocha\_ Contas Comprovantes\2024\Contas a PAGAR\09-Setembro\AP Brisas_Aluguel_Setembro-Pago.jpg -> G:\Meu Drive\DOCUMENTOS\CONTROLE_FINANCEIRO\EmersonRocha\_ Contas Comprovantes\2024\Contas a PAGAR\09-Setembro\AP Brisas_Aluguel_Setembro-Pago.jpg
C:\CONTROLE_FINANCEIRO\EmersonRocha\_ Contas Comprovantes\2024\Contas a PAGAR\09-Setembro\Mae_Ajuda_Setembro_650-Pago.jpg -> G:\Meu Drive\DOCUMENTOS\CONTROLE_FINANCEIRO\EmersonRocha\_ Contas Comprovantes\2024\Contas a PAGAR\09-Setembro\Mae_Ajuda_Setembro_650-Pago.jpg
C:\CONTROLE_FINANCEIRO\EmersonRocha\_ Contas Comprovantes\2024\Contas a PAGAR\09-Setembro\Pensao_AnaGiulia_Setembro-Pago.jpg -> G:\Meu Drive\DOCUMENTOS\CONTROLE_FINANCEIRO\EmersonRocha\_ Contas Comprovantes\2024\Contas a PAGAR\09-Setembro\Pensao_AnaGiulia_Setembro-Pago.jpg
C:\CONTROLE_FINANCEIRO\EmersonRocha\_ Contas Comprovantes\2024\Contas a PAGAR\09-Setembro\Pensao_Kalel_50_Setembro-Pago.jpg -> G:\Meu Drive\DOCUMENTOS\CONTROLE_FINANCEIRO\EmersonRocha\_ Contas Comprovantes\2024\Contas a PAGAR\09-Setembro\Pensao_Kalel_50_Setembro-Pago.jpg
C:\CONTROLE_FINANCEIRO\EmersonRocha\_ Contas Comprovantes\2024\Contas a PAGAR\09-Setembro\Pensao_Kalel_Part1_Setembro-Pago.jpg -> G:\Meu Drive\DOCUMENTOS\CONTROLE_FINANCEIRO\EmersonRocha\_ Contas Comprovantes\2024\Contas a PAGAR\09-Setembro\Pensao_Kalel_Part1_Setembro-Pago.jpg
C:\CONTROLE_FINANCEIRO\EmersonRocha\_ Contas Comprovantes\2024\Contas a PAGAR\09-Setembro\Pensao_Thomas_Setembro-Pago.jpg -> G:\Meu Drive\DOCUMENTOS\CONTROLE_FINANCEIRO\EmersonRocha\_ Contas Comprovantes\2024\Contas a PAGAR\09-Setembro\Pensao_Thomas_Setembro-Pago.jpg
C:\CONTROLE_FINANCEIRO\EmersonRocha\_ Contas Comprovantes\2024\Contas a PAGAR\09-Setembro\Tatiana_AcordoParcela13_Setembro-Pago.jpg -> G:\Meu Drive\DOCUMENTOS\CONTROLE_FINANCEIRO\EmersonRocha\_ Contas Comprovantes\2024\Contas a PAGAR\09-Setembro\Tatiana_AcordoParcela13_Setembro-Pago.jpg
C:\CONTROLE_FINANCEIRO\TargetTouch\2024\2024_FINANCEIRO_TargetTouch-FluxoDRE.xlsm -> G:\Meu Drive\DOCUMENTOS\CONTROLE_FINANCEIRO\TargetTouch\2024\2024_FINANCEIRO_TargetTouch-FluxoDRE.xlsm
20 arquivo(s) copiado(s)
11/09/2024  1:28:50,49 - Backup concluído 
12/09/2024 17:01:47,61 - Iniciando backup 
C:\CONTROLE_FINANCEIRO\merge_fin_local_cloud.bat -> G:\Meu Drive\DOCUMENTOS\CONTROLE_FINANCEIRO\merge_fin_local_cloud.bat
C:\CONTROLE_FINANCEIRO\AnexoTechnology\2024\2024_FINANCEIRO_Anexo-FluxoDRE.xlsm -> G:\Meu Drive\DOCUMENTOS\CONTROLE_FINANCEIRO\AnexoTechnology\2024\2024_FINANCEIRO_Anexo-FluxoDRE.xlsm
C:\CONTROLE_FINANCEIRO\AnexoTechnology\2024\_ContasComprovantes\Contas a Pagar\09-Setembro\Func.Joao Victor_HNT_Setembro-Pago.jpg -> G:\Meu Drive\DOCUMENTOS\CONTROLE_FINANCEIRO\AnexoTechnology\2024\_ContasComprovantes\Contas a Pagar\09-Setembro\Func.Joao Victor_HNT_Setembro-Pago.jpg
C:\CONTROLE_FINANCEIRO\AnexoTechnology\2024\_ContasComprovantes\Contas a Pagar\09-Setembro\Func.Wendril_MKT Trade_Setembro-Pago.jpg -> G:\Meu Drive\DOCUMENTOS\CONTROLE_FINANCEIRO\AnexoTechnology\2024\_ContasComprovantes\Contas a Pagar\09-Setembro\Func.Wendril_MKT Trade_Setembro-Pago.jpg
C:\CONTROLE_FINANCEIRO\AnexoTechnology\2024\_ContasComprovantes\Contas a Pagar\09-Setembro\Func_Henry_FSBR_Setembro-Pago.jpg -> G:\Meu Drive\DOCUMENTOS\CONTROLE_FINANCEIRO\AnexoTechnology\2024\_ContasComprovantes\Contas a Pagar\09-Setembro\Func_Henry_FSBR_Setembro-Pago.jpg
C:\CONTROLE_FINANCEIRO\AnexoTechnology\2024\_ContasComprovantes\Contas a Pagar\09-Setembro\Func_Henry_HNT_Setembro-Pago.jpg -> G:\Meu Drive\DOCUMENTOS\CONTROLE_FINANCEIRO\AnexoTechnology\2024\_ContasComprovantes\Contas a Pagar\09-Setembro\Func_Henry_HNT_Setembro-Pago.jpg
C:\CONTROLE_FINANCEIRO\AnexoTechnology\2024\_ContasComprovantes\Contas a Pagar\09-Setembro\Func_Henry_Taking_Setembro-Pago.jpg -> G:\Meu Drive\DOCUMENTOS\CONTROLE_FINANCEIRO\AnexoTechnology\2024\_ContasComprovantes\Contas a Pagar\09-Setembro\Func_Henry_Taking_Setembro-Pago.jpg
C:\CONTROLE_FINANCEIRO\AnexoTechnology\2024\_ContasComprovantes\Contas a Pagar\09-Setembro\Func_JosiasDelmiro_HNT Part1_Setembro-Pago.jpg -> G:\Meu Drive\DOCUMENTOS\CONTROLE_FINANCEIRO\AnexoTechnology\2024\_ContasComprovantes\Contas a Pagar\09-Setembro\Func_JosiasDelmiro_HNT Part1_Setembro-Pago.jpg
C:\CONTROLE_FINANCEIRO\AnexoTechnology\2024\_ContasComprovantes\Contas a Pagar\09-Setembro\Func_JosiasDelmiro_HNT Part2_Setembro-Pago.jpg -> G:\Meu Drive\DOCUMENTOS\CONTROLE_FINANCEIRO\AnexoTechnology\2024\_ContasComprovantes\Contas a Pagar\09-Setembro\Func_JosiasDelmiro_HNT Part2_Setembro-Pago.jpg
C:\CONTROLE_FINANCEIRO\AnexoTechnology\2024\_ContasComprovantes\Contas a Pagar\09-Setembro\Func_Mylena_HNT_Setembro-Pago.jpg -> G:\Meu Drive\DOCUMENTOS\CONTROLE_FINANCEIRO\AnexoTechnology\2024\_ContasComprovantes\Contas a Pagar\09-Setembro\Func_Mylena_HNT_Setembro-Pago.jpg
C:\CONTROLE_FINANCEIRO\AnexoTechnology\2024\_ContasComprovantes\Contas a Pagar\09-Setembro\Func_SebaIglesias_BonusGame5k_HNT_Setembro-Pago.jpg -> G:\Meu Drive\DOCUMENTOS\CONTROLE_FINANCEIRO\AnexoTechnology\2024\_ContasComprovantes\Contas a Pagar\09-Setembro\Func_SebaIglesias_BonusGame5k_HNT_Setembro-Pago.jpg
C:\CONTROLE_FINANCEIRO\AnexoTechnology\2024\_ContasComprovantes\Contas a Pagar\09-Setembro\Func_VictorBezerra_MKT Trade_Setembro-Pago.jpg -> G:\Meu Drive\DOCUMENTOS\CONTROLE_FINANCEIRO\AnexoTechnology\2024\_ContasComprovantes\Contas a Pagar\09-Setembro\Func_VictorBezerra_MKT Trade_Setembro-Pago.jpg
C:\CONTROLE_FINANCEIRO\AnexoTechnology\2024\_ContasComprovantes\Contas a Pagar\09-Setembro\Func_Wendril_HNT_Setembro-Pago.jpg -> G:\Meu Drive\DOCUMENTOS\CONTROLE_FINANCEIRO\AnexoTechnology\2024\_ContasComprovantes\Contas a Pagar\09-Setembro\Func_Wendril_HNT_Setembro-Pago.jpg
C:\CONTROLE_FINANCEIRO\AnexoTechnology\2024\_ContasComprovantes\Contas a Receber\PagamentoAmericanas.jpg -> G:\Meu Drive\DOCUMENTOS\CONTROLE_FINANCEIRO\AnexoTechnology\2024\_ContasComprovantes\Contas a Receber\PagamentoAmericanas.jpg
C:\CONTROLE_FINANCEIRO\backup_fin\log_merge\merge_fin_local_cloud_-2024-09.log -> G:\Meu Drive\DOCUMENTOS\CONTROLE_FINANCEIRO\backup_fin\log_merge\merge_fin_local_cloud_-2024-09.log
C:\CONTROLE_FINANCEIRO\DriverNerd\2024\2024_FINANCEIRO_DriverNerd-FluxoDRE.xlsm -> G:\Meu Drive\DOCUMENTOS\CONTROLE_FINANCEIRO\DriverNerd\2024\2024_FINANCEIRO_DriverNerd-FluxoDRE.xlsm
C:\CONTROLE_FINANCEIRO\EmersonRocha\CONTROLE_FINANCEIRO_EMERSON.xlsx -> G:\Meu Drive\DOCUMENTOS\CONTROLE_FINANCEIRO\EmersonRocha\CONTROLE_FINANCEIRO_EMERSON.xlsx
C:\CONTROLE_FINANCEIRO\EmersonRocha\_ Contas Comprovantes\2024\Contas a PAGAR\09-Setembro\AP Brisas_Aluguel_Setembro-Pago.jpg -> G:\Meu Drive\DOCUMENTOS\CONTROLE_FINANCEIRO\EmersonRocha\_ Contas Comprovantes\2024\Contas a PAGAR\09-Setembro\AP Brisas_Aluguel_Setembro-Pago.jpg
C:\CONTROLE_FINANCEIRO\EmersonRocha\_ Contas Comprovantes\2024\Contas a PAGAR\09-Setembro\CasaMaraba_Setembro_Pago.jpg -> G:\Meu Drive\DOCUMENTOS\CONTROLE_FINANCEIRO\EmersonRocha\_ Contas Comprovantes\2024\Contas a PAGAR\09-Setembro\CasaMaraba_Setembro_Pago.jpg
C:\CONTROLE_FINANCEIRO\EmersonRocha\_ Contas Comprovantes\2024\Contas a PAGAR\09-Setembro\Mae_Ajuda_Setembro_650-Pago.jpg -> G:\Meu Drive\DOCUMENTOS\CONTROLE_FINANCEIRO\EmersonRocha\_ Contas Comprovantes\2024\Contas a PAGAR\09-Setembro\Mae_Ajuda_Setembro_650-Pago.jpg
C:\CONTROLE_FINANCEIRO\EmersonRocha\_ Contas Comprovantes\2024\Contas a PAGAR\09-Setembro\Pensao_AnaGiulia_Setembro-Pago.jpg -> G:\Meu Drive\DOCUMENTOS\CONTROLE_FINANCEIRO\EmersonRocha\_ Contas Comprovantes\2024\Contas a PAGAR\09-Setembro\Pensao_AnaGiulia_Setembro-Pago.jpg
C:\CONTROLE_FINANCEIRO\EmersonRocha\_ Contas Comprovantes\2024\Contas a PAGAR\09-Setembro\Pensao_Kalel_50_Setembro-Pago.jpg -> G:\Meu Drive\DOCUMENTOS\CONTROLE_FINANCEIRO\EmersonRocha\_ Contas Comprovantes\2024\Contas a PAGAR\09-Setembro\Pensao_Kalel_50_Setembro-Pago.jpg
C:\CONTROLE_FINANCEIRO\EmersonRocha\_ Contas Comprovantes\2024\Contas a PAGAR\09-Setembro\Pensao_Kalel_Part1_Setembro-Pago.jpg -> G:\Meu Drive\DOCUMENTOS\CONTROLE_FINANCEIRO\EmersonRocha\_ Contas Comprovantes\2024\Contas a PAGAR\09-Setembro\Pensao_Kalel_Part1_Setembro-Pago.jpg
C:\CONTROLE_FINANCEIRO\EmersonRocha\_ Contas Comprovantes\2024\Contas a PAGAR\09-Setembro\Pensao_Thomas_Setembro-Pago.jpg -> G:\Meu Drive\DOCUMENTOS\CONTROLE_FINANCEIRO\EmersonRocha\_ Contas Comprovantes\2024\Contas a PAGAR\09-Setembro\Pensao_Thomas_Setembro-Pago.jpg
C:\CONTROLE_FINANCEIRO\EmersonRocha\_ Contas Comprovantes\2024\Contas a PAGAR\09-Setembro\Tatiana_AcordoParcela13_Setembro-Pago.jpg -> G:\Meu Drive\DOCUMENTOS\CONTROLE_FINANCEIRO\EmersonRocha\_ Contas Comprovantes\2024\Contas a PAGAR\09-Setembro\Tatiana_AcordoParcela13_Setembro-Pago.jpg
C:\CONTROLE_FINANCEIRO\TargetTouch\2023\2023_FINANCEIRO_TargetTouch-FluxoDRE.xlsm -> G:\Meu Drive\DOCUMENTOS\CONTROLE_FINANCEIRO\TargetTouch\2023\2023_FINANCEIRO_TargetTouch-FluxoDRE.xlsm
C:\CONTROLE_FINANCEIRO\TargetTouch\2024\2024_FINANCEIRO_TargetTouch-FluxoDRE.xlsm -> G:\Meu Drive\DOCUMENTOS\CONTROLE_FINANCEIRO\TargetTouch\2024\2024_FINANCEIRO_TargetTouch-FluxoDRE.xlsm
27 arquivo(s) copiado(s)
12/09/2024 17:01:49,65 - Backup concluído 
15/09/2024 21:51:43,02 - Iniciando backup 
C:\CONTROLE_FINANCEIRO\merge_fin_local_cloud.bat -> G:\Meu Drive\DOCUMENTOS\CONTROLE_FINANCEIRO\merge_fin_local_cloud.bat
C:\CONTROLE_FINANCEIRO\AnexoTechnology\2024\2024_FINANCEIRO_Anexo-FluxoDRE.xlsm -> G:\Meu Drive\DOCUMENTOS\CONTROLE_FINANCEIRO\AnexoTechnology\2024\2024_FINANCEIRO_Anexo-FluxoDRE.xlsm
C:\CONTROLE_FINANCEIRO\AnexoTechnology\2024\_ContasComprovantes\Contas a Pagar\09-Setembro\Func.Joao Victor_HNT_Setembro-Pago.jpg -> G:\Meu Drive\DOCUMENTOS\CONTROLE_FINANCEIRO\AnexoTechnology\2024\_ContasComprovantes\Contas a Pagar\09-Setembro\Func.Joao Victor_HNT_Setembro-Pago.jpg
C:\CONTROLE_FINANCEIRO\AnexoTechnology\2024\_ContasComprovantes\Contas a Pagar\09-Setembro\Func.Wendril_MKT Trade_Setembro-Pago.jpg -> G:\Meu Drive\DOCUMENTOS\CONTROLE_FINANCEIRO\AnexoTechnology\2024\_ContasComprovantes\Contas a Pagar\09-Setembro\Func.Wendril_MKT Trade_Setembro-Pago.jpg
C:\CONTROLE_FINANCEIRO\AnexoTechnology\2024\_ContasComprovantes\Contas a Pagar\09-Setembro\Func_Henry_FSBR_Setembro-Pago.jpg -> G:\Meu Drive\DOCUMENTOS\CONTROLE_FINANCEIRO\AnexoTechnology\2024\_ContasComprovantes\Contas a Pagar\09-Setembro\Func_Henry_FSBR_Setembro-Pago.jpg
C:\CONTROLE_FINANCEIRO\AnexoTechnology\2024\_ContasComprovantes\Contas a Pagar\09-Setembro\Func_Henry_HNT_Setembro-Pago.jpg -> G:\Meu Drive\DOCUMENTOS\CONTROLE_FINANCEIRO\AnexoTechnology\2024\_ContasComprovantes\Contas a Pagar\09-Setembro\Func_Henry_HNT_Setembro-Pago.jpg
C:\CONTROLE_FINANCEIRO\AnexoTechnology\2024\_ContasComprovantes\Contas a Pagar\09-Setembro\Func_Henry_Taking_Setembro-Pago.jpg -> G:\Meu Drive\DOCUMENTOS\CONTROLE_FINANCEIRO\AnexoTechnology\2024\_ContasComprovantes\Contas a Pagar\09-Setembro\Func_Henry_Taking_Setembro-Pago.jpg
C:\CONTROLE_FINANCEIRO\AnexoTechnology\2024\_ContasComprovantes\Contas a Pagar\09-Setembro\Func_JosiasDelmiro_HNT Part1_Setembro-Pago.jpg -> G:\Meu Drive\DOCUMENTOS\CONTROLE_FINANCEIRO\AnexoTechnology\2024\_ContasComprovantes\Contas a Pagar\09-Setembro\Func_JosiasDelmiro_HNT Part1_Setembro-Pago.jpg
C:\CONTROLE_FINANCEIRO\AnexoTechnology\2024\_ContasComprovantes\Contas a Pagar\09-Setembro\Func_JosiasDelmiro_HNT Part2_Setembro-Pago.jpg -> G:\Meu Drive\DOCUMENTOS\CONTROLE_FINANCEIRO\AnexoTechnology\2024\_ContasComprovantes\Contas a Pagar\09-Setembro\Func_JosiasDelmiro_HNT Part2_Setembro-Pago.jpg
C:\CONTROLE_FINANCEIRO\AnexoTechnology\2024\_ContasComprovantes\Contas a Pagar\09-Setembro\Func_Mylena_HNT_Setembro-Pago.jpg -> G:\Meu Drive\DOCUMENTOS\CONTROLE_FINANCEIRO\AnexoTechnology\2024\_ContasComprovantes\Contas a Pagar\09-Setembro\Func_Mylena_HNT_Setembro-Pago.jpg
C:\CONTROLE_FINANCEIRO\AnexoTechnology\2024\_ContasComprovantes\Contas a Pagar\09-Setembro\Func_SebaIglesias_BonusGame5k_HNT_Setembro-Pago.jpg -> G:\Meu Drive\DOCUMENTOS\CONTROLE_FINANCEIRO\AnexoTechnology\2024\_ContasComprovantes\Contas a Pagar\09-Setembro\Func_SebaIglesias_BonusGame5k_HNT_Setembro-Pago.jpg
C:\CONTROLE_FINANCEIRO\AnexoTechnology\2024\_ContasComprovantes\Contas a Pagar\09-Setembro\Func_VictorBezerra_MKT Trade_Setembro-Pago.jpg -> G:\Meu Drive\DOCUMENTOS\CONTROLE_FINANCEIRO\AnexoTechnology\2024\_ContasComprovantes\Contas a Pagar\09-Setembro\Func_VictorBezerra_MKT Trade_Setembro-Pago.jpg
C:\CONTROLE_FINANCEIRO\AnexoTechnology\2024\_ContasComprovantes\Contas a Pagar\09-Setembro\Func_Wendril_HNT_Setembro-Pago.jpg -> G:\Meu Drive\DOCUMENTOS\CONTROLE_FINANCEIRO\AnexoTechnology\2024\_ContasComprovantes\Contas a Pagar\09-Setembro\Func_Wendril_HNT_Setembro-Pago.jpg
C:\CONTROLE_FINANCEIRO\AnexoTechnology\2024\_ContasComprovantes\Contas a Receber\PagamentoAmericanas.jpg -> G:\Meu Drive\DOCUMENTOS\CONTROLE_FINANCEIRO\AnexoTechnology\2024\_ContasComprovantes\Contas a Receber\PagamentoAmericanas.jpg
C:\CONTROLE_FINANCEIRO\backup_fin\log_merge\merge_fin_local_cloud_-2024-09.log -> G:\Meu Drive\DOCUMENTOS\CONTROLE_FINANCEIRO\backup_fin\log_merge\merge_fin_local_cloud_-2024-09.log
C:\CONTROLE_FINANCEIRO\DriverNerd\2024\2024_FINANCEIRO_DriverNerd-FluxoDRE.xlsm -> G:\Meu Drive\DOCUMENTOS\CONTROLE_FINANCEIRO\DriverNerd\2024\2024_FINANCEIRO_DriverNerd-FluxoDRE.xlsm
C:\CONTROLE_FINANCEIRO\EmersonRocha\_ Contas Comprovantes\2024\Contas a PAGAR\09-Setembro\AP Brisas_Aluguel_Setembro-Pago.jpg -> G:\Meu Drive\DOCUMENTOS\CONTROLE_FINANCEIRO\EmersonRocha\_ Contas Comprovantes\2024\Contas a PAGAR\09-Setembro\AP Brisas_Aluguel_Setembro-Pago.jpg
C:\CONTROLE_FINANCEIRO\EmersonRocha\_ Contas Comprovantes\2024\Contas a PAGAR\09-Setembro\CasaMaraba_Setembro_Pago.jpg -> G:\Meu Drive\DOCUMENTOS\CONTROLE_FINANCEIRO\EmersonRocha\_ Contas Comprovantes\2024\Contas a PAGAR\09-Setembro\CasaMaraba_Setembro_Pago.jpg
C:\CONTROLE_FINANCEIRO\EmersonRocha\_ Contas Comprovantes\2024\Contas a PAGAR\09-Setembro\Mae_Ajuda_Setembro_650-Pago.jpg -> G:\Meu Drive\DOCUMENTOS\CONTROLE_FINANCEIRO\EmersonRocha\_ Contas Comprovantes\2024\Contas a PAGAR\09-Setembro\Mae_Ajuda_Setembro_650-Pago.jpg
C:\CONTROLE_FINANCEIRO\EmersonRocha\_ Contas Comprovantes\2024\Contas a PAGAR\09-Setembro\Pensao_AnaGiulia_Setembro-Pago.jpg -> G:\Meu Drive\DOCUMENTOS\CONTROLE_FINANCEIRO\EmersonRocha\_ Contas Comprovantes\2024\Contas a PAGAR\09-Setembro\Pensao_AnaGiulia_Setembro-Pago.jpg
C:\CONTROLE_FINANCEIRO\EmersonRocha\_ Contas Comprovantes\2024\Contas a PAGAR\09-Setembro\Pensao_Kalel_50_Setembro-Pago.jpg -> G:\Meu Drive\DOCUMENTOS\CONTROLE_FINANCEIRO\EmersonRocha\_ Contas Comprovantes\2024\Contas a PAGAR\09-Setembro\Pensao_Kalel_50_Setembro-Pago.jpg
C:\CONTROLE_FINANCEIRO\EmersonRocha\_ Contas Comprovantes\2024\Contas a PAGAR\09-Setembro\Pensao_Kalel_Part1_Setembro-Pago.jpg -> G:\Meu Drive\DOCUMENTOS\CONTROLE_FINANCEIRO\EmersonRocha\_ Contas Comprovantes\2024\Contas a PAGAR\09-Setembro\Pensao_Kalel_Part1_Setembro-Pago.jpg
C:\CONTROLE_FINANCEIRO\EmersonRocha\_ Contas Comprovantes\2024\Contas a PAGAR\09-Setembro\Pensao_Thomas_Setembro-Pago.jpg -> G:\Meu Drive\DOCUMENTOS\CONTROLE_FINANCEIRO\EmersonRocha\_ Contas Comprovantes\2024\Contas a PAGAR\09-Setembro\Pensao_Thomas_Setembro-Pago.jpg
C:\CONTROLE_FINANCEIRO\EmersonRocha\_ Contas Comprovantes\2024\Contas a PAGAR\09-Setembro\Tatiana_AcordoParcela13_Setembro-Pago.jpg -> G:\Meu Drive\DOCUMENTOS\CONTROLE_FINANCEIRO\EmersonRocha\_ Contas Comprovantes\2024\Contas a PAGAR\09-Setembro\Tatiana_AcordoParcela13_Setembro-Pago.jpg
C:\CONTROLE_FINANCEIRO\TargetTouch\2023\2023_FINANCEIRO_TargetTouch-FluxoDRE.xlsm -> G:\Meu Drive\DOCUMENTOS\CONTROLE_FINANCEIRO\TargetTouch\2023\2023_FINANCEIRO_TargetTouch-FluxoDRE.xlsm
C:\CONTROLE_FINANCEIRO\TargetTouch\2024\2024_FINANCEIRO_TargetTouch-FluxoDRE.xlsm -> G:\Meu Drive\DOCUMENTOS\CONTROLE_FINANCEIRO\TargetTouch\2024\2024_FINANCEIRO_TargetTouch-FluxoDRE.xlsm
26 arquivo(s) copiado(s)
15/09/2024 21:51:44,91 - Backup concluído 
